<?xml version="1.0" encoding="UTF-8"?>
<testsuite xmlns:xsi="http://www.w3.org/2001/XMLSchema-instance" xsi:noNamespaceSchemaLocation="https://maven.apache.org/surefire/maven-surefire-plugin/xsd/surefire-test-report.xsd" name="com.mobisys.building.BuildingApplicationTests" time="31.345" tests="1" errors="0" skipped="0" failures="0">
  <properties>
    <property name="gopherProxySet" value="false"/>
    <property name="awt.toolkit" value="sun.lwawt.macosx.LWCToolkit"/>
    <property name="file.encoding.pkg" value="sun.io"/>
    <property name="java.specification.version" value="1.8"/>
    <property name="sun.cpu.isalist" value=""/>
    <property name="sun.jnu.encoding" value="UTF-8"/>
    <property name="java.class.path" value="/Volumes/mac-tao/lv-di/building-backend/target/test-classes:/Volumes/mac-tao/lv-di/building-backend/target/classes:/Users/tao/Desktop/6-jt/jt_repo/org/mybatis/spring/boot/mybatis-spring-boot-starter/1.3.1/mybatis-spring-boot-starter-1.3.1.jar:/Users/tao/Desktop/6-jt/jt_repo/org/springframework/boot/spring-boot-starter/2.1.8.RELEASE/spring-boot-starter-2.1.8.RELEASE.jar:/Users/tao/Desktop/6-jt/jt_repo/org/springframework/boot/spring-boot/2.1.8.RELEASE/spring-boot-2.1.8.RELEASE.jar:/Users/tao/Desktop/6-jt/jt_repo/org/springframework/boot/spring-boot-autoconfigure/2.1.8.RELEASE/spring-boot-autoconfigure-2.1.8.RELEASE.jar:/Users/tao/Desktop/6-jt/jt_repo/org/springframework/boot/spring-boot-starter-logging/2.1.8.RELEASE/spring-boot-starter-logging-2.1.8.RELEASE.jar:/Users/tao/Desktop/6-jt/jt_repo/org/apache/logging/log4j/log4j-to-slf4j/2.11.2/log4j-to-slf4j-2.11.2.jar:/Users/tao/Desktop/6-jt/jt_repo/org/apache/logging/log4j/log4j-api/2.11.2/log4j-api-2.11.2.jar:/Users/tao/Desktop/6-jt/jt_repo/org/slf4j/jul-to-slf4j/1.7.28/jul-to-slf4j-1.7.28.jar:/Users/tao/Desktop/6-jt/jt_repo/javax/annotation/javax.annotation-api/1.3.2/javax.annotation-api-1.3.2.jar:/Users/tao/Desktop/6-jt/jt_repo/org/yaml/snakeyaml/1.23/snakeyaml-1.23.jar:/Users/tao/Desktop/6-jt/jt_repo/org/springframework/boot/spring-boot-starter-jdbc/2.1.8.RELEASE/spring-boot-starter-jdbc-2.1.8.RELEASE.jar:/Users/tao/Desktop/6-jt/jt_repo/com/zaxxer/HikariCP/3.2.0/HikariCP-3.2.0.jar:/Users/tao/Desktop/6-jt/jt_repo/org/springframework/spring-jdbc/5.1.9.RELEASE/spring-jdbc-5.1.9.RELEASE.jar:/Users/tao/Desktop/6-jt/jt_repo/org/springframework/spring-tx/5.1.9.RELEASE/spring-tx-5.1.9.RELEASE.jar:/Users/tao/Desktop/6-jt/jt_repo/org/mybatis/spring/boot/mybatis-spring-boot-autoconfigure/1.3.1/mybatis-spring-boot-autoconfigure-1.3.1.jar:/Users/tao/Desktop/6-jt/jt_repo/org/mybatis/mybatis/3.4.5/mybatis-3.4.5.jar:/Users/tao/Desktop/6-jt/jt_repo/org/mybatis/mybatis-spring/1.3.1/mybatis-spring-1.3.1.jar:/Users/tao/Desktop/6-jt/jt_repo/org/springframework/boot/spring-boot-starter-web/2.1.8.RELEASE/spring-boot-starter-web-2.1.8.RELEASE.jar:/Users/tao/Desktop/6-jt/jt_repo/org/springframework/boot/spring-boot-starter-json/2.1.8.RELEASE/spring-boot-starter-json-2.1.8.RELEASE.jar:/Users/tao/Desktop/6-jt/jt_repo/com/fasterxml/jackson/datatype/jackson-datatype-jdk8/2.9.9/jackson-datatype-jdk8-2.9.9.jar:/Users/tao/Desktop/6-jt/jt_repo/com/fasterxml/jackson/datatype/jackson-datatype-jsr310/2.9.9/jackson-datatype-jsr310-2.9.9.jar:/Users/tao/Desktop/6-jt/jt_repo/com/fasterxml/jackson/module/jackson-module-parameter-names/2.9.9/jackson-module-parameter-names-2.9.9.jar:/Users/tao/Desktop/6-jt/jt_repo/org/springframework/boot/spring-boot-starter-tomcat/2.1.8.RELEASE/spring-boot-starter-tomcat-2.1.8.RELEASE.jar:/Users/tao/Desktop/6-jt/jt_repo/org/apache/tomcat/embed/tomcat-embed-core/9.0.24/tomcat-embed-core-9.0.24.jar:/Users/tao/Desktop/6-jt/jt_repo/org/apache/tomcat/embed/tomcat-embed-el/9.0.24/tomcat-embed-el-9.0.24.jar:/Users/tao/Desktop/6-jt/jt_repo/org/apache/tomcat/embed/tomcat-embed-websocket/9.0.24/tomcat-embed-websocket-9.0.24.jar:/Users/tao/Desktop/6-jt/jt_repo/org/hibernate/validator/hibernate-validator/6.0.17.Final/hibernate-validator-6.0.17.Final.jar:/Users/tao/Desktop/6-jt/jt_repo/javax/validation/validation-api/2.0.1.Final/validation-api-2.0.1.Final.jar:/Users/tao/Desktop/6-jt/jt_repo/org/jboss/logging/jboss-logging/3.3.3.Final/jboss-logging-3.3.3.Final.jar:/Users/tao/Desktop/6-jt/jt_repo/com/fasterxml/classmate/1.4.0/classmate-1.4.0.jar:/Users/tao/Desktop/6-jt/jt_repo/org/springframework/spring-web/5.1.9.RELEASE/spring-web-5.1.9.RELEASE.jar:/Users/tao/Desktop/6-jt/jt_repo/org/springframework/spring-beans/5.1.9.RELEASE/spring-beans-5.1.9.RELEASE.jar:/Users/tao/Desktop/6-jt/jt_repo/org/springframework/spring-webmvc/5.1.9.RELEASE/spring-webmvc-5.1.9.RELEASE.jar:/Users/tao/Desktop/6-jt/jt_repo/org/springframework/spring-aop/5.1.9.RELEASE/spring-aop-5.1.9.RELEASE.jar:/Users/tao/Desktop/6-jt/jt_repo/org/springframework/spring-context/5.1.9.RELEASE/spring-context-5.1.9.RELEASE.jar:/Users/tao/Desktop/6-jt/jt_repo/org/springframework/spring-expression/5.1.9.RELEASE/spring-expression-5.1.9.RELEASE.jar:/Users/tao/Desktop/6-jt/jt_repo/org/springframework/boot/spring-boot-starter-test/2.1.8.RELEASE/spring-boot-starter-test-2.1.8.RELEASE.jar:/Users/tao/Desktop/6-jt/jt_repo/org/springframework/boot/spring-boot-test/2.1.8.RELEASE/spring-boot-test-2.1.8.RELEASE.jar:/Users/tao/Desktop/6-jt/jt_repo/org/springframework/boot/spring-boot-test-autoconfigure/2.1.8.RELEASE/spring-boot-test-autoconfigure-2.1.8.RELEASE.jar:/Users/tao/Desktop/6-jt/jt_repo/com/jayway/jsonpath/json-path/2.4.0/json-path-2.4.0.jar:/Users/tao/Desktop/6-jt/jt_repo/net/minidev/json-smart/2.3/json-smart-2.3.jar:/Users/tao/Desktop/6-jt/jt_repo/net/minidev/accessors-smart/1.2/accessors-smart-1.2.jar:/Users/tao/Desktop/6-jt/jt_repo/org/ow2/asm/asm/5.0.4/asm-5.0.4.jar:/Users/tao/Desktop/6-jt/jt_repo/junit/junit/4.12/junit-4.12.jar:/Users/tao/Desktop/6-jt/jt_repo/org/assertj/assertj-core/3.11.1/assertj-core-3.11.1.jar:/Users/tao/Desktop/6-jt/jt_repo/org/mockito/mockito-core/2.23.4/mockito-core-2.23.4.jar:/Users/tao/Desktop/6-jt/jt_repo/net/bytebuddy/byte-buddy/1.9.16/byte-buddy-1.9.16.jar:/Users/tao/Desktop/6-jt/jt_repo/net/bytebuddy/byte-buddy-agent/1.9.16/byte-buddy-agent-1.9.16.jar:/Users/tao/Desktop/6-jt/jt_repo/org/objenesis/objenesis/2.6/objenesis-2.6.jar:/Users/tao/Desktop/6-jt/jt_repo/org/hamcrest/hamcrest-core/1.3/hamcrest-core-1.3.jar:/Users/tao/Desktop/6-jt/jt_repo/org/hamcrest/hamcrest-library/1.3/hamcrest-library-1.3.jar:/Users/tao/Desktop/6-jt/jt_repo/org/skyscreamer/jsonassert/1.5.0/jsonassert-1.5.0.jar:/Users/tao/Desktop/6-jt/jt_repo/com/vaadin/external/google/android-json/0.0.20131108.vaadin1/android-json-0.0.20131108.vaadin1.jar:/Users/tao/Desktop/6-jt/jt_repo/org/springframework/spring-core/5.1.9.RELEASE/spring-core-5.1.9.RELEASE.jar:/Users/tao/Desktop/6-jt/jt_repo/org/springframework/spring-jcl/5.1.9.RELEASE/spring-jcl-5.1.9.RELEASE.jar:/Users/tao/Desktop/6-jt/jt_repo/org/springframework/spring-test/5.1.9.RELEASE/spring-test-5.1.9.RELEASE.jar:/Users/tao/Desktop/6-jt/jt_repo/org/xmlunit/xmlunit-core/2.6.3/xmlunit-core-2.6.3.jar:/Users/tao/Desktop/6-jt/jt_repo/ch/qos/logback/logback-classic/1.2.1/logback-classic-1.2.1.jar:/Users/tao/Desktop/6-jt/jt_repo/ch/qos/logback/logback-core/1.2.3/logback-core-1.2.3.jar:/Users/tao/Desktop/6-jt/jt_repo/org/slf4j/slf4j-api/1.7.28/slf4j-api-1.7.28.jar:/Users/tao/Desktop/6-jt/jt_repo/mysql/mysql-connector-java/8.0.13/mysql-connector-java-8.0.13.jar:/Users/tao/Desktop/6-jt/jt_repo/c3p0/c3p0/0.9.1.2/c3p0-0.9.1.2.jar:/Users/tao/Desktop/6-jt/jt_repo/taglibs/standard/1.1.2/standard-1.1.2.jar:/Users/tao/Desktop/6-jt/jt_repo/jstl/jstl/1.2/jstl-1.2.jar:/Users/tao/Desktop/6-jt/jt_repo/com/fasterxml/jackson/core/jackson-databind/2.9.6/jackson-databind-2.9.6.jar:/Users/tao/Desktop/6-jt/jt_repo/com/fasterxml/jackson/core/jackson-annotations/2.9.0/jackson-annotations-2.9.0.jar:/Users/tao/Desktop/6-jt/jt_repo/com/fasterxml/jackson/core/jackson-core/2.9.9/jackson-core-2.9.9.jar:/Users/tao/Desktop/6-jt/jt_repo/javax/servlet/javax.servlet-api/3.1.0/javax.servlet-api-3.1.0.jar:/Users/tao/Desktop/6-jt/jt_repo/redis/clients/jedis/2.9.0/jedis-2.9.0.jar:/Users/tao/Desktop/6-jt/jt_repo/org/apache/commons/commons-pool2/2.6.2/commons-pool2-2.6.2.jar:/Users/tao/Desktop/6-jt/jt_repo/com/dyuproject/protostuff/protostuff-core/1.0.12/protostuff-core-1.0.12.jar:/Users/tao/Desktop/6-jt/jt_repo/com/dyuproject/protostuff/protostuff-api/1.0.12/protostuff-api-1.0.12.jar:/Users/tao/Desktop/6-jt/jt_repo/com/dyuproject/protostuff/protostuff-runtime/1.0.12/protostuff-runtime-1.0.12.jar:/Users/tao/Desktop/6-jt/jt_repo/com/dyuproject/protostuff/protostuff-collectionschema/1.0.12/protostuff-collectionschema-1.0.12.jar:/Users/tao/Desktop/6-jt/jt_repo/org/apache/shiro/shiro-spring/1.6.0/shiro-spring-1.6.0.jar:/Users/tao/Desktop/6-jt/jt_repo/org/apache/shiro/shiro-core/1.6.0/shiro-core-1.6.0.jar:/Users/tao/Desktop/6-jt/jt_repo/org/apache/shiro/shiro-lang/1.6.0/shiro-lang-1.6.0.jar:/Users/tao/Desktop/6-jt/jt_repo/org/apache/shiro/shiro-cache/1.6.0/shiro-cache-1.6.0.jar:/Users/tao/Desktop/6-jt/jt_repo/org/apache/shiro/shiro-crypto-hash/1.6.0/shiro-crypto-hash-1.6.0.jar:/Users/tao/Desktop/6-jt/jt_repo/org/apache/shiro/shiro-crypto-core/1.6.0/shiro-crypto-core-1.6.0.jar:/Users/tao/Desktop/6-jt/jt_repo/org/apache/shiro/shiro-crypto-cipher/1.6.0/shiro-crypto-cipher-1.6.0.jar:/Users/tao/Desktop/6-jt/jt_repo/org/apache/shiro/shiro-config-core/1.6.0/shiro-config-core-1.6.0.jar:/Users/tao/Desktop/6-jt/jt_repo/org/apache/shiro/shiro-config-ogdl/1.6.0/shiro-config-ogdl-1.6.0.jar:/Users/tao/Desktop/6-jt/jt_repo/org/apache/shiro/shiro-event/1.6.0/shiro-event-1.6.0.jar:/Users/tao/Desktop/6-jt/jt_repo/org/apache/shiro/shiro-web/1.6.0/shiro-web-1.6.0.jar:/Users/tao/Desktop/6-jt/jt_repo/org/owasp/encoder/encoder/1.2.2/encoder-1.2.2.jar:/Users/tao/Desktop/6-jt/jt_repo/commons-collections/commons-collections/3.2/commons-collections-3.2.jar:/Users/tao/Desktop/6-jt/jt_repo/net/coobird/thumbnailator/0.4.8/thumbnailator-0.4.8.jar:/Users/tao/Desktop/6-jt/jt_repo/com/github/penggle/kaptcha/2.3.2/kaptcha-2.3.2.jar:/Users/tao/Desktop/6-jt/jt_repo/com/jhlabs/filters/2.0.235-1/filters-2.0.235-1.jar:/Users/tao/Desktop/6-jt/jt_repo/commons-fileupload/commons-fileupload/1.3.2/commons-fileupload-1.3.2.jar:/Users/tao/Desktop/6-jt/jt_repo/commons-io/commons-io/2.2/commons-io-2.2.jar:/Users/tao/Desktop/6-jt/jt_repo/net/sf/json-lib/json-lib/2.4/json-lib-2.4-jdk15.jar:/Users/tao/Desktop/6-jt/jt_repo/commons-beanutils/commons-beanutils/1.8.0/commons-beanutils-1.8.0.jar:/Users/tao/Desktop/6-jt/jt_repo/commons-lang/commons-lang/2.5/commons-lang-2.5.jar:/Users/tao/Desktop/6-jt/jt_repo/commons-logging/commons-logging/1.1.1/commons-logging-1.1.1.jar:/Users/tao/Desktop/6-jt/jt_repo/net/sf/ezmorph/ezmorph/1.0.6/ezmorph-1.0.6.jar:/Users/tao/Desktop/6-jt/jt_repo/com/thoughtworks/xstream/xstream/1.4.9/xstream-1.4.9.jar:/Users/tao/Desktop/6-jt/jt_repo/xmlpull/xmlpull/1.1.3.1/xmlpull-1.1.3.1.jar:/Users/tao/Desktop/6-jt/jt_repo/xpp3/xpp3_min/1.1.4c/xpp3_min-1.1.4c.jar:/Users/tao/Desktop/6-jt/jt_repo/org/dom4j/dom4j/2.0.0/dom4j-2.0.0.jar:/Users/tao/Desktop/6-jt/jt_repo/jaxen/jaxen/1.1.6/jaxen-1.1.6.jar:/Users/tao/Desktop/6-jt/jt_repo/com/google/zxing/javase/3.3.0/javase-3.3.0.jar:/Users/tao/Desktop/6-jt/jt_repo/com/google/zxing/core/3.3.0/core-3.3.0.jar:/Users/tao/Desktop/6-jt/jt_repo/com/beust/jcommander/1.48/jcommander-1.48.jar:/Users/tao/Desktop/6-jt/jt_repo/com/github/jai-imageio/jai-imageio-core/1.3.1/jai-imageio-core-1.3.1.jar:/Users/tao/Desktop/6-jt/jt_repo/org/projectlombok/lombok/1.16.20/lombok-1.16.20.jar:/Users/tao/Desktop/6-jt/jt_repo/org/springframework/boot/spring-boot-starter-thymeleaf/2.1.8.RELEASE/spring-boot-starter-thymeleaf-2.1.8.RELEASE.jar:/Users/tao/Desktop/6-jt/jt_repo/org/thymeleaf/thymeleaf-spring5/3.0.11.RELEASE/thymeleaf-spring5-3.0.11.RELEASE.jar:/Users/tao/Desktop/6-jt/jt_repo/org/thymeleaf/thymeleaf/3.0.11.RELEASE/thymeleaf-3.0.11.RELEASE.jar:/Users/tao/Desktop/6-jt/jt_repo/org/attoparser/attoparser/2.0.5.RELEASE/attoparser-2.0.5.RELEASE.jar:/Users/tao/Desktop/6-jt/jt_repo/org/unbescape/unbescape/1.1.6.RELEASE/unbescape-1.1.6.RELEASE.jar:/Users/tao/Desktop/6-jt/jt_repo/org/thymeleaf/extras/thymeleaf-extras-java8time/3.0.4.RELEASE/thymeleaf-extras-java8time-3.0.4.RELEASE.jar:/Users/tao/Desktop/6-jt/jt_repo/org/apache/poi/poi-ooxml/4.0.1/poi-ooxml-4.0.1.jar:/Users/tao/Desktop/6-jt/jt_repo/org/apache/poi/poi/4.0.1/poi-4.0.1.jar:/Users/tao/Desktop/6-jt/jt_repo/commons-codec/commons-codec/1.11/commons-codec-1.11.jar:/Users/tao/Desktop/6-jt/jt_repo/org/apache/commons/commons-collections4/4.2/commons-collections4-4.2.jar:/Users/tao/Desktop/6-jt/jt_repo/org/apache/commons/commons-math3/3.6.1/commons-math3-3.6.1.jar:/Users/tao/Desktop/6-jt/jt_repo/org/apache/poi/poi-ooxml-schemas/4.0.1/poi-ooxml-schemas-4.0.1.jar:/Users/tao/Desktop/6-jt/jt_repo/org/apache/xmlbeans/xmlbeans/3.0.2/xmlbeans-3.0.2.jar:/Users/tao/Desktop/6-jt/jt_repo/org/apache/commons/commons-compress/1.18/commons-compress-1.18.jar:/Users/tao/Desktop/6-jt/jt_repo/com/github/virtuald/curvesapi/1.05/curvesapi-1.05.jar:/Users/tao/Desktop/6-jt/jt_repo/com/aliyun/aliyun-java-sdk-core/4.0.3/aliyun-java-sdk-core-4.0.3.jar:/Users/tao/Desktop/6-jt/jt_repo/com/google/code/gson/gson/2.8.5/gson-2.8.5.jar:/Users/tao/Desktop/6-jt/jt_repo/org/apache/httpcomponents/httpclient/4.5.9/httpclient-4.5.9.jar:/Users/tao/Desktop/6-jt/jt_repo/org/apache/httpcomponents/httpcore/4.4.12/httpcore-4.4.12.jar:/Users/tao/Desktop/6-jt/jt_repo/javax/xml/bind/jaxb-api/2.3.1/jaxb-api-2.3.1.jar:/Users/tao/Desktop/6-jt/jt_repo/javax/activation/javax.activation-api/1.2.0/javax.activation-api-1.2.0.jar:/Users/tao/Desktop/6-jt/jt_repo/com/sun/xml/bind/jaxb-core/2.1.14/jaxb-core-2.1.14.jar:/Users/tao/Desktop/6-jt/jt_repo/com/sun/xml/bind/jaxb-impl/2.1/jaxb-impl-2.1.jar:/Users/tao/Desktop/6-jt/jt_repo/javax/activation/activation/1.1.1/activation-1.1.1.jar:/Users/tao/Desktop/6-jt/jt_repo/sshtools/j2ssh-core/0.2.9/j2ssh-core-0.2.9.jar:/Users/tao/Desktop/6-jt/jt_repo/ch/ethz/ganymed/ganymed-ssh2/build210/ganymed-ssh2-build210.jar:"/>
    <property name="java.vm.vendor" value="Oracle Corporation"/>
    <property name="sun.arch.data.model" value="64"/>
    <property name="java.vendor.url" value="http://java.oracle.com/"/>
    <property name="user.timezone" value=""/>
    <property name="java.vm.specification.version" value="1.8"/>
    <property name="os.name" value="Mac OS X"/>
    <property name="user.country" value="CN"/>
    <property name="sun.java.launcher" value="SUN_STANDARD"/>
    <property name="sun.boot.library.path" value="/Library/Java/JavaVirtualMachines/jdk1.8.0_181.jdk/Contents/Home/jre/lib"/>
    <property name="sun.java.command" value="/Volumes/mac-tao/lv-di/building-backend/target/surefire/surefirebooter2493150880711292796.jar /Volumes/mac-tao/lv-di/building-backend/target/surefire 2021-09-29T21-25-17_763-jvmRun1 surefire3876377388537287452tmp surefire_0630275341239993839tmp"/>
    <property name="surefire.test.class.path" value="/Volumes/mac-tao/lv-di/building-backend/target/test-classes:/Volumes/mac-tao/lv-di/building-backend/target/classes:/Users/tao/Desktop/6-jt/jt_repo/org/mybatis/spring/boot/mybatis-spring-boot-starter/1.3.1/mybatis-spring-boot-starter-1.3.1.jar:/Users/tao/Desktop/6-jt/jt_repo/org/springframework/boot/spring-boot-starter/2.1.8.RELEASE/spring-boot-starter-2.1.8.RELEASE.jar:/Users/tao/Desktop/6-jt/jt_repo/org/springframework/boot/spring-boot/2.1.8.RELEASE/spring-boot-2.1.8.RELEASE.jar:/Users/tao/Desktop/6-jt/jt_repo/org/springframework/boot/spring-boot-autoconfigure/2.1.8.RELEASE/spring-boot-autoconfigure-2.1.8.RELEASE.jar:/Users/tao/Desktop/6-jt/jt_repo/org/springframework/boot/spring-boot-starter-logging/2.1.8.RELEASE/spring-boot-starter-logging-2.1.8.RELEASE.jar:/Users/tao/Desktop/6-jt/jt_repo/org/apache/logging/log4j/log4j-to-slf4j/2.11.2/log4j-to-slf4j-2.11.2.jar:/Users/tao/Desktop/6-jt/jt_repo/org/apache/logging/log4j/log4j-api/2.11.2/log4j-api-2.11.2.jar:/Users/tao/Desktop/6-jt/jt_repo/org/slf4j/jul-to-slf4j/1.7.28/jul-to-slf4j-1.7.28.jar:/Users/tao/Desktop/6-jt/jt_repo/javax/annotation/javax.annotation-api/1.3.2/javax.annotation-api-1.3.2.jar:/Users/tao/Desktop/6-jt/jt_repo/org/yaml/snakeyaml/1.23/snakeyaml-1.23.jar:/Users/tao/Desktop/6-jt/jt_repo/org/springframework/boot/spring-boot-starter-jdbc/2.1.8.RELEASE/spring-boot-starter-jdbc-2.1.8.RELEASE.jar:/Users/tao/Desktop/6-jt/jt_repo/com/zaxxer/HikariCP/3.2.0/HikariCP-3.2.0.jar:/Users/tao/Desktop/6-jt/jt_repo/org/springframework/spring-jdbc/5.1.9.RELEASE/spring-jdbc-5.1.9.RELEASE.jar:/Users/tao/Desktop/6-jt/jt_repo/org/springframework/spring-tx/5.1.9.RELEASE/spring-tx-5.1.9.RELEASE.jar:/Users/tao/Desktop/6-jt/jt_repo/org/mybatis/spring/boot/mybatis-spring-boot-autoconfigure/1.3.1/mybatis-spring-boot-autoconfigure-1.3.1.jar:/Users/tao/Desktop/6-jt/jt_repo/org/mybatis/mybatis/3.4.5/mybatis-3.4.5.jar:/Users/tao/Desktop/6-jt/jt_repo/org/mybatis/mybatis-spring/1.3.1/mybatis-spring-1.3.1.jar:/Users/tao/Desktop/6-jt/jt_repo/org/springframework/boot/spring-boot-starter-web/2.1.8.RELEASE/spring-boot-starter-web-2.1.8.RELEASE.jar:/Users/tao/Desktop/6-jt/jt_repo/org/springframework/boot/spring-boot-starter-json/2.1.8.RELEASE/spring-boot-starter-json-2.1.8.RELEASE.jar:/Users/tao/Desktop/6-jt/jt_repo/com/fasterxml/jackson/datatype/jackson-datatype-jdk8/2.9.9/jackson-datatype-jdk8-2.9.9.jar:/Users/tao/Desktop/6-jt/jt_repo/com/fasterxml/jackson/datatype/jackson-datatype-jsr310/2.9.9/jackson-datatype-jsr310-2.9.9.jar:/Users/tao/Desktop/6-jt/jt_repo/com/fasterxml/jackson/module/jackson-module-parameter-names/2.9.9/jackson-module-parameter-names-2.9.9.jar:/Users/tao/Desktop/6-jt/jt_repo/org/springframework/boot/spring-boot-starter-tomcat/2.1.8.RELEASE/spring-boot-starter-tomcat-2.1.8.RELEASE.jar:/Users/tao/Desktop/6-jt/jt_repo/org/apache/tomcat/embed/tomcat-embed-core/9.0.24/tomcat-embed-core-9.0.24.jar:/Users/tao/Desktop/6-jt/jt_repo/org/apache/tomcat/embed/tomcat-embed-el/9.0.24/tomcat-embed-el-9.0.24.jar:/Users/tao/Desktop/6-jt/jt_repo/org/apache/tomcat/embed/tomcat-embed-websocket/9.0.24/tomcat-embed-websocket-9.0.24.jar:/Users/tao/Desktop/6-jt/jt_repo/org/hibernate/validator/hibernate-validator/6.0.17.Final/hibernate-validator-6.0.17.Final.jar:/Users/tao/Desktop/6-jt/jt_repo/javax/validation/validation-api/2.0.1.Final/validation-api-2.0.1.Final.jar:/Users/tao/Desktop/6-jt/jt_repo/org/jboss/logging/jboss-logging/3.3.3.Final/jboss-logging-3.3.3.Final.jar:/Users/tao/Desktop/6-jt/jt_repo/com/fasterxml/classmate/1.4.0/classmate-1.4.0.jar:/Users/tao/Desktop/6-jt/jt_repo/org/springframework/spring-web/5.1.9.RELEASE/spring-web-5.1.9.RELEASE.jar:/Users/tao/Desktop/6-jt/jt_repo/org/springframework/spring-beans/5.1.9.RELEASE/spring-beans-5.1.9.RELEASE.jar:/Users/tao/Desktop/6-jt/jt_repo/org/springframework/spring-webmvc/5.1.9.RELEASE/spring-webmvc-5.1.9.RELEASE.jar:/Users/tao/Desktop/6-jt/jt_repo/org/springframework/spring-aop/5.1.9.RELEASE/spring-aop-5.1.9.RELEASE.jar:/Users/tao/Desktop/6-jt/jt_repo/org/springframework/spring-context/5.1.9.RELEASE/spring-context-5.1.9.RELEASE.jar:/Users/tao/Desktop/6-jt/jt_repo/org/springframework/spring-expression/5.1.9.RELEASE/spring-expression-5.1.9.RELEASE.jar:/Users/tao/Desktop/6-jt/jt_repo/org/springframework/boot/spring-boot-starter-test/2.1.8.RELEASE/spring-boot-starter-test-2.1.8.RELEASE.jar:/Users/tao/Desktop/6-jt/jt_repo/org/springframework/boot/spring-boot-test/2.1.8.RELEASE/spring-boot-test-2.1.8.RELEASE.jar:/Users/tao/Desktop/6-jt/jt_repo/org/springframework/boot/spring-boot-test-autoconfigure/2.1.8.RELEASE/spring-boot-test-autoconfigure-2.1.8.RELEASE.jar:/Users/tao/Desktop/6-jt/jt_repo/com/jayway/jsonpath/json-path/2.4.0/json-path-2.4.0.jar:/Users/tao/Desktop/6-jt/jt_repo/net/minidev/json-smart/2.3/json-smart-2.3.jar:/Users/tao/Desktop/6-jt/jt_repo/net/minidev/accessors-smart/1.2/accessors-smart-1.2.jar:/Users/tao/Desktop/6-jt/jt_repo/org/ow2/asm/asm/5.0.4/asm-5.0.4.jar:/Users/tao/Desktop/6-jt/jt_repo/junit/junit/4.12/junit-4.12.jar:/Users/tao/Desktop/6-jt/jt_repo/org/assertj/assertj-core/3.11.1/assertj-core-3.11.1.jar:/Users/tao/Desktop/6-jt/jt_repo/org/mockito/mockito-core/2.23.4/mockito-core-2.23.4.jar:/Users/tao/Desktop/6-jt/jt_repo/net/bytebuddy/byte-buddy/1.9.16/byte-buddy-1.9.16.jar:/Users/tao/Desktop/6-jt/jt_repo/net/bytebuddy/byte-buddy-agent/1.9.16/byte-buddy-agent-1.9.16.jar:/Users/tao/Desktop/6-jt/jt_repo/org/objenesis/objenesis/2.6/objenesis-2.6.jar:/Users/tao/Desktop/6-jt/jt_repo/org/hamcrest/hamcrest-core/1.3/hamcrest-core-1.3.jar:/Users/tao/Desktop/6-jt/jt_repo/org/hamcrest/hamcrest-library/1.3/hamcrest-library-1.3.jar:/Users/tao/Desktop/6-jt/jt_repo/org/skyscreamer/jsonassert/1.5.0/jsonassert-1.5.0.jar:/Users/tao/Desktop/6-jt/jt_repo/com/vaadin/external/google/android-json/0.0.20131108.vaadin1/android-json-0.0.20131108.vaadin1.jar:/Users/tao/Desktop/6-jt/jt_repo/org/springframework/spring-core/5.1.9.RELEASE/spring-core-5.1.9.RELEASE.jar:/Users/tao/Desktop/6-jt/jt_repo/org/springframework/spring-jcl/5.1.9.RELEASE/spring-jcl-5.1.9.RELEASE.jar:/Users/tao/Desktop/6-jt/jt_repo/org/springframework/spring-test/5.1.9.RELEASE/spring-test-5.1.9.RELEASE.jar:/Users/tao/Desktop/6-jt/jt_repo/org/xmlunit/xmlunit-core/2.6.3/xmlunit-core-2.6.3.jar:/Users/tao/Desktop/6-jt/jt_repo/ch/qos/logback/logback-classic/1.2.1/logback-classic-1.2.1.jar:/Users/tao/Desktop/6-jt/jt_repo/ch/qos/logback/logback-core/1.2.3/logback-core-1.2.3.jar:/Users/tao/Desktop/6-jt/jt_repo/org/slf4j/slf4j-api/1.7.28/slf4j-api-1.7.28.jar:/Users/tao/Desktop/6-jt/jt_repo/mysql/mysql-connector-java/8.0.13/mysql-connector-java-8.0.13.jar:/Users/tao/Desktop/6-jt/jt_repo/c3p0/c3p0/0.9.1.2/c3p0-0.9.1.2.jar:/Users/tao/Desktop/6-jt/jt_repo/taglibs/standard/1.1.2/standard-1.1.2.jar:/Users/tao/Desktop/6-jt/jt_repo/jstl/jstl/1.2/jstl-1.2.jar:/Users/tao/Desktop/6-jt/jt_repo/com/fasterxml/jackson/core/jackson-databind/2.9.6/jackson-databind-2.9.6.jar:/Users/tao/Desktop/6-jt/jt_repo/com/fasterxml/jackson/core/jackson-annotations/2.9.0/jackson-annotations-2.9.0.jar:/Users/tao/Desktop/6-jt/jt_repo/com/fasterxml/jackson/core/jackson-core/2.9.9/jackson-core-2.9.9.jar:/Users/tao/Desktop/6-jt/jt_repo/javax/servlet/javax.servlet-api/3.1.0/javax.servlet-api-3.1.0.jar:/Users/tao/Desktop/6-jt/jt_repo/redis/clients/jedis/2.9.0/jedis-2.9.0.jar:/Users/tao/Desktop/6-jt/jt_repo/org/apache/commons/commons-pool2/2.6.2/commons-pool2-2.6.2.jar:/Users/tao/Desktop/6-jt/jt_repo/com/dyuproject/protostuff/protostuff-core/1.0.12/protostuff-core-1.0.12.jar:/Users/tao/Desktop/6-jt/jt_repo/com/dyuproject/protostuff/protostuff-api/1.0.12/protostuff-api-1.0.12.jar:/Users/tao/Desktop/6-jt/jt_repo/com/dyuproject/protostuff/protostuff-runtime/1.0.12/protostuff-runtime-1.0.12.jar:/Users/tao/Desktop/6-jt/jt_repo/com/dyuproject/protostuff/protostuff-collectionschema/1.0.12/protostuff-collectionschema-1.0.12.jar:/Users/tao/Desktop/6-jt/jt_repo/org/apache/shiro/shiro-spring/1.6.0/shiro-spring-1.6.0.jar:/Users/tao/Desktop/6-jt/jt_repo/org/apache/shiro/shiro-core/1.6.0/shiro-core-1.6.0.jar:/Users/tao/Desktop/6-jt/jt_repo/org/apache/shiro/shiro-lang/1.6.0/shiro-lang-1.6.0.jar:/Users/tao/Desktop/6-jt/jt_repo/org/apache/shiro/shiro-cache/1.6.0/shiro-cache-1.6.0.jar:/Users/tao/Desktop/6-jt/jt_repo/org/apache/shiro/shiro-crypto-hash/1.6.0/shiro-crypto-hash-1.6.0.jar:/Users/tao/Desktop/6-jt/jt_repo/org/apache/shiro/shiro-crypto-core/1.6.0/shiro-crypto-core-1.6.0.jar:/Users/tao/Desktop/6-jt/jt_repo/org/apache/shiro/shiro-crypto-cipher/1.6.0/shiro-crypto-cipher-1.6.0.jar:/Users/tao/Desktop/6-jt/jt_repo/org/apache/shiro/shiro-config-core/1.6.0/shiro-config-core-1.6.0.jar:/Users/tao/Desktop/6-jt/jt_repo/org/apache/shiro/shiro-config-ogdl/1.6.0/shiro-config-ogdl-1.6.0.jar:/Users/tao/Desktop/6-jt/jt_repo/org/apache/shiro/shiro-event/1.6.0/shiro-event-1.6.0.jar:/Users/tao/Desktop/6-jt/jt_repo/org/apache/shiro/shiro-web/1.6.0/shiro-web-1.6.0.jar:/Users/tao/Desktop/6-jt/jt_repo/org/owasp/encoder/encoder/1.2.2/encoder-1.2.2.jar:/Users/tao/Desktop/6-jt/jt_repo/commons-collections/commons-collections/3.2/commons-collections-3.2.jar:/Users/tao/Desktop/6-jt/jt_repo/net/coobird/thumbnailator/0.4.8/thumbnailator-0.4.8.jar:/Users/tao/Desktop/6-jt/jt_repo/com/github/penggle/kaptcha/2.3.2/kaptcha-2.3.2.jar:/Users/tao/Desktop/6-jt/jt_repo/com/jhlabs/filters/2.0.235-1/filters-2.0.235-1.jar:/Users/tao/Desktop/6-jt/jt_repo/commons-fileupload/commons-fileupload/1.3.2/commons-fileupload-1.3.2.jar:/Users/tao/Desktop/6-jt/jt_repo/commons-io/commons-io/2.2/commons-io-2.2.jar:/Users/tao/Desktop/6-jt/jt_repo/net/sf/json-lib/json-lib/2.4/json-lib-2.4-jdk15.jar:/Users/tao/Desktop/6-jt/jt_repo/commons-beanutils/commons-beanutils/1.8.0/commons-beanutils-1.8.0.jar:/Users/tao/Desktop/6-jt/jt_repo/commons-lang/commons-lang/2.5/commons-lang-2.5.jar:/Users/tao/Desktop/6-jt/jt_repo/commons-logging/commons-logging/1.1.1/commons-logging-1.1.1.jar:/Users/tao/Desktop/6-jt/jt_repo/net/sf/ezmorph/ezmorph/1.0.6/ezmorph-1.0.6.jar:/Users/tao/Desktop/6-jt/jt_repo/com/thoughtworks/xstream/xstream/1.4.9/xstream-1.4.9.jar:/Users/tao/Desktop/6-jt/jt_repo/xmlpull/xmlpull/1.1.3.1/xmlpull-1.1.3.1.jar:/Users/tao/Desktop/6-jt/jt_repo/xpp3/xpp3_min/1.1.4c/xpp3_min-1.1.4c.jar:/Users/tao/Desktop/6-jt/jt_repo/org/dom4j/dom4j/2.0.0/dom4j-2.0.0.jar:/Users/tao/Desktop/6-jt/jt_repo/jaxen/jaxen/1.1.6/jaxen-1.1.6.jar:/Users/tao/Desktop/6-jt/jt_repo/com/google/zxing/javase/3.3.0/javase-3.3.0.jar:/Users/tao/Desktop/6-jt/jt_repo/com/google/zxing/core/3.3.0/core-3.3.0.jar:/Users/tao/Desktop/6-jt/jt_repo/com/beust/jcommander/1.48/jcommander-1.48.jar:/Users/tao/Desktop/6-jt/jt_repo/com/github/jai-imageio/jai-imageio-core/1.3.1/jai-imageio-core-1.3.1.jar:/Users/tao/Desktop/6-jt/jt_repo/org/projectlombok/lombok/1.16.20/lombok-1.16.20.jar:/Users/tao/Desktop/6-jt/jt_repo/org/springframework/boot/spring-boot-starter-thymeleaf/2.1.8.RELEASE/spring-boot-starter-thymeleaf-2.1.8.RELEASE.jar:/Users/tao/Desktop/6-jt/jt_repo/org/thymeleaf/thymeleaf-spring5/3.0.11.RELEASE/thymeleaf-spring5-3.0.11.RELEASE.jar:/Users/tao/Desktop/6-jt/jt_repo/org/thymeleaf/thymeleaf/3.0.11.RELEASE/thymeleaf-3.0.11.RELEASE.jar:/Users/tao/Desktop/6-jt/jt_repo/org/attoparser/attoparser/2.0.5.RELEASE/attoparser-2.0.5.RELEASE.jar:/Users/tao/Desktop/6-jt/jt_repo/org/unbescape/unbescape/1.1.6.RELEASE/unbescape-1.1.6.RELEASE.jar:/Users/tao/Desktop/6-jt/jt_repo/org/thymeleaf/extras/thymeleaf-extras-java8time/3.0.4.RELEASE/thymeleaf-extras-java8time-3.0.4.RELEASE.jar:/Users/tao/Desktop/6-jt/jt_repo/org/apache/poi/poi-ooxml/4.0.1/poi-ooxml-4.0.1.jar:/Users/tao/Desktop/6-jt/jt_repo/org/apache/poi/poi/4.0.1/poi-4.0.1.jar:/Users/tao/Desktop/6-jt/jt_repo/commons-codec/commons-codec/1.11/commons-codec-1.11.jar:/Users/tao/Desktop/6-jt/jt_repo/org/apache/commons/commons-collections4/4.2/commons-collections4-4.2.jar:/Users/tao/Desktop/6-jt/jt_repo/org/apache/commons/commons-math3/3.6.1/commons-math3-3.6.1.jar:/Users/tao/Desktop/6-jt/jt_repo/org/apache/poi/poi-ooxml-schemas/4.0.1/poi-ooxml-schemas-4.0.1.jar:/Users/tao/Desktop/6-jt/jt_repo/org/apache/xmlbeans/xmlbeans/3.0.2/xmlbeans-3.0.2.jar:/Users/tao/Desktop/6-jt/jt_repo/org/apache/commons/commons-compress/1.18/commons-compress-1.18.jar:/Users/tao/Desktop/6-jt/jt_repo/com/github/virtuald/curvesapi/1.05/curvesapi-1.05.jar:/Users/tao/Desktop/6-jt/jt_repo/com/aliyun/aliyun-java-sdk-core/4.0.3/aliyun-java-sdk-core-4.0.3.jar:/Users/tao/Desktop/6-jt/jt_repo/com/google/code/gson/gson/2.8.5/gson-2.8.5.jar:/Users/tao/Desktop/6-jt/jt_repo/org/apache/httpcomponents/httpclient/4.5.9/httpclient-4.5.9.jar:/Users/tao/Desktop/6-jt/jt_repo/org/apache/httpcomponents/httpcore/4.4.12/httpcore-4.4.12.jar:/Users/tao/Desktop/6-jt/jt_repo/javax/xml/bind/jaxb-api/2.3.1/jaxb-api-2.3.1.jar:/Users/tao/Desktop/6-jt/jt_repo/javax/activation/javax.activation-api/1.2.0/javax.activation-api-1.2.0.jar:/Users/tao/Desktop/6-jt/jt_repo/com/sun/xml/bind/jaxb-core/2.1.14/jaxb-core-2.1.14.jar:/Users/tao/Desktop/6-jt/jt_repo/com/sun/xml/bind/jaxb-impl/2.1/jaxb-impl-2.1.jar:/Users/tao/Desktop/6-jt/jt_repo/javax/activation/activation/1.1.1/activation-1.1.1.jar:/Users/tao/Desktop/6-jt/jt_repo/sshtools/j2ssh-core/0.2.9/j2ssh-core-0.2.9.jar:/Users/tao/Desktop/6-jt/jt_repo/ch/ethz/ganymed/ganymed-ssh2/build210/ganymed-ssh2-build210.jar:"/>
    <property name="sun.cpu.endian" value="little"/>
    <property name="user.home" value="/Users/tao"/>
    <property name="user.language" value="zh"/>
    <property name="java.specification.vendor" value="Oracle Corporation"/>
    <property name="java.home" value="/Library/Java/JavaVirtualMachines/jdk1.8.0_181.jdk/Contents/Home/jre"/>
    <property name="basedir" value="/Volumes/mac-tao/lv-di/building-backend"/>
    <property name="file.separator" value="/"/>
    <property name="line.separator" value="&#10;"/>
    <property name="java.vm.specification.vendor" value="Oracle Corporation"/>
    <property name="java.specification.name" value="Java Platform API Specification"/>
    <property name="java.awt.graphicsenv" value="sun.awt.CGraphicsEnvironment"/>
    <property name="idea.version2020.1.2" value="true"/>
    <property name="surefire.real.class.path" value="/Volumes/mac-tao/lv-di/building-backend/target/surefire/surefirebooter2493150880711292796.jar"/>
    <property name="sun.boot.class.path" value="/Library/Java/JavaVirtualMachines/jdk1.8.0_181.jdk/Contents/Home/jre/lib/resources.jar:/Library/Java/JavaVirtualMachines/jdk1.8.0_181.jdk/Contents/Home/jre/lib/rt.jar:/Library/Java/JavaVirtualMachines/jdk1.8.0_181.jdk/Contents/Home/jre/lib/sunrsasign.jar:/Library/Java/JavaVirtualMachines/jdk1.8.0_181.jdk/Contents/Home/jre/lib/jsse.jar:/Library/Java/JavaVirtualMachines/jdk1.8.0_181.jdk/Contents/Home/jre/lib/jce.jar:/Library/Java/JavaVirtualMachines/jdk1.8.0_181.jdk/Contents/Home/jre/lib/charsets.jar:/Library/Java/JavaVirtualMachines/jdk1.8.0_181.jdk/Contents/Home/jre/lib/jfr.jar:/Library/Java/JavaVirtualMachines/jdk1.8.0_181.jdk/Contents/Home/jre/classes"/>
    <property name="sun.management.compiler" value="HotSpot 64-Bit Tiered Compilers"/>
    <property name="java.runtime.version" value="1.8.0_181-b13"/>
    <property name="user.name" value="tao"/>
    <property name="path.separator" value=":"/>
    <property name="os.version" value="10.15.1"/>
    <property name="java.endorsed.dirs" value="/Library/Java/JavaVirtualMachines/jdk1.8.0_181.jdk/Contents/Home/jre/lib/endorsed"/>
    <property name="java.runtime.name" value="Java(TM) SE Runtime Environment"/>
    <property name="file.encoding" value="UTF-8"/>
    <property name="java.vm.name" value="Java HotSpot(TM) 64-Bit Server VM"/>
    <property name="localRepository" value="/Users/tao/Desktop/6-jt/jt_repo"/>
    <property name="java.vendor.url.bug" value="http://bugreport.sun.com/bugreport/"/>
    <property name="java.io.tmpdir" value="/var/folders/27/jk94q8vx03334m5v59dj7tmc0000gn/T/"/>
    <property name="java.version" value="1.8.0_181"/>
    <property name="user.dir" value="/Volumes/mac-tao/lv-di/building-backend"/>
    <property name="os.arch" value="x86_64"/>
    <property name="java.vm.specification.name" value="Java Virtual Machine Specification"/>
    <property name="java.awt.printerjob" value="sun.lwawt.macosx.CPrinterJob"/>
    <property name="sun.os.patch.level" value="unknown"/>
    <property name="java.library.path" value="/Users/tao/Library/Java/Extensions:/Library/Java/Extensions:/Network/Library/Java/Extensions:/System/Library/Java/Extensions:/usr/lib/java:."/>
    <property name="java.vm.info" value="mixed mode"/>
    <property name="java.vendor" value="Oracle Corporation"/>
    <property name="java.vm.version" value="25.181-b13"/>
    <property name="java.ext.dirs" value="/Users/tao/Library/Java/Extensions:/Library/Java/JavaVirtualMachines/jdk1.8.0_181.jdk/Contents/Home/jre/lib/ext:/Library/Java/Extensions:/Network/Library/Java/Extensions:/System/Library/Java/Extensions:/usr/lib/java"/>
    <property name="sun.io.unicode.encoding" value="UnicodeBig"/>
    <property name="java.class.version" value="52.0"/>
  </properties>
  <testcase name="contextLoads" classname="com.mobisys.building.BuildingApplicationTests" time="0.853"/>
</testsuite>